02:05:03.331 INFO  1f86fd20-7bad-4313-992c-fb4dcfc9e2f7 OK. Data: В Express предусмотрен встроенный обработчик ошибок, который обрабатывает любые возможные ошибки, встречающиеся в приложении., status: 200 
02:05:03.782 INFO  8be440fa-c905-4ee3-ac2c-5525e988eccf OK. Data: В Express предусмотрен встроенный обработчик ошибок, который обрабатывает любые возможные ошибки, встречающиеся в приложении., status: 200 
02:05:11.305 INFO  cd0b94ad-7834-4af1-b942-10bf675dac92 OK. Data: В Express предусмотрен встроенный обработчик ошибок, который обрабатывает любые возможные ошибки, встречающиеся в приложении., status: 200 
02:07:01.601 INFO  c315a71b-af45-4821-a5b6-5f2e70943451 OK. Data: В Express предусмотрен встроенный обработчик ошибок, который обрабатывает любые возможные ошибки, встречающиеся в приложении., status: 200 
02:07:04.229 INFO  48f73407-1dde-4232-971c-4f70d88cf6b0 OK. Data: {"text":"Fdgdf"}, status: 200 
02:07:13.784 INFO  023309d7-385f-4230-967d-0918a5630127 OK. Data: {"text":"В Express предусмотрен встроенный обработчик ошибок, который обрабатывает любые возможные ошибки, встречающиеся в приложении."}, status: 200 
02:09:00.979 INFO  67ce9c7d-d79c-41b8-92cc-385f79c6d14c OK. Data: В Express предусмотрен встроенный обработчик ошибок, который обрабатывает любые возможные ошибки, встречающиеся в приложении., status: 200 
02:09:02.158 INFO  f1e518e8-32b0-4e09-aa64-016fd37991b5 OK. Data: В Express предусмотрен встроенный обработчик ошибок, который обрабатывает любые возможные ошибки, встречающиеся в приложении., status: 200 
02:09:02.897 INFO  a3ed9a52-bff4-4919-aa53-0ad023fa1d03 OK. Data: В Express предусмотрен встроенный обработчик ошибок, который обрабатывает любые возможные ошибки, встречающиеся в приложении., status: 200 
02:09:08.634 ERROR 8aef4ffe-1b3e-41c7-b48b-f82277658535 Bad request. Body: {"text":""} status: 400 message: No 'text' specified in the request body 
02:10:14.647 INFO  8b35a45b-4e23-44a3-837b-cfae2564ef5e OK. Data: В Express предусмотрен встроенный обработчик ошибок, который обрабатывает любые возможные ошибки, встречающиеся в приложении., status: 200 
02:10:43.833 ERROR 04c15a21-69de-4340-8e26-adff268d539e Bad request. Body: {"text":""} status: 400 message: No 'text' specified in the request body 
02:11:28.861 INFO  55aed303-a4aa-4e85-98ef-452a74fab991 OK. Data: В Express предусмотрен встроенный обработчик ошибок, который обрабатывает любые возможные ошибки, встречающиеся в приложении., status: 200 
02:11:47.821 ERROR 29ecd5e2-86df-4cd9-b05f-793c7562799d Bad request. Body: {"text":""} status: 400 message: No 'text' specified in the request body 
02:12:49.848 INFO  7456618e-17b4-44b8-a3fc-5a6cdce6e423 OK. Data: В Express предусмотрен встроенный обработчик ошибок, который обрабатывает любые возможные ошибки, встречающиеся в приложении., status: 200 
02:12:51.246 INFO  2bca4bf0-65b6-4b06-804d-101bab223eb0 OK. Data: В Express предусмотрен встроенный обработчик ошибок, который обрабатывает любые возможные ошибки, встречающиеся в приложении., status: 200 
02:12:56.142 INFO  c8ce1d7d-203f-40f8-bf22-8c4445770c0b OK. Data: {"text":"t"}, status: 200 
02:13:03.216 INFO  43b65ea6-fe7f-4cae-a5a9-c6580bfc21d2 OK. Data: t, status: 200 
02:13:06.745 INFO  cc4e2295-a659-4ef8-a162-f453dd436b77 OK. Data: {"text":"В Express предусмотрен встроенный обработчик ошибок, который обрабатывает любые возможные ошибки, встречающиеся в приложении."}, status: 200 
02:15:39.883 INFO  Server is turned off 
